Update date : Wed Oct 12 21:48:13 ART 2016
 
 Table 'empresa' found in repository
 (=) table 'empresa' unchanged
 
 Table 'licencias' found in repository
 (=) table 'licencias' unchanged
 
 Table 'producto' found in repository
 . Column 'precio' added
 (*) table 'producto' updated : 1 change(s)
 
 Table 'usuario' found in repository
 (=) table 'usuario' unchanged
 
 Table 'venta' found in repository
 . Column 'total' added
 (*) table 'venta' updated : 1 change(s)
 
 Table 'lineadeventa' no longer exists in database
 (-) table 'lineadeventa' removed
 
 Table 'precioproducto' no longer exists in database
 (-) table 'precioproducto' removed
 
 Table 'v_usuarios' no longer exists in database
 (-) table 'v_usuarios' removed
 
 Table 'vproductos' no longer exists in database
 (-) table 'vproductos' removed
